Library/Bee/Android/Prj/IL2CPP/Gradle/launcher/build/intermediates/manifest_merge_blame_file/release/processReleaseMainManifest/manifest-merger-blame-release-report.txt
1<?xml version="1.0" encoding="utf-8"?>
2<manifest xmlns:android="http://schemas.android.com/apk/res/android"
3    package="com.dimitri.ecosdamemoria"
4    android:installLocation="preferExternal"
5    android:versionCode="1"
6    android:versionName="0.1.0" >
7
8    <uses-sdk
9        android:minSdkVersion="29"
10        android:targetSdkVersion="36" />
11
12    <supports-screens
12-->src\main\AndroidManifest.xml:4:3-163
13        android:anyDensity="true"
13-->src\main\AndroidManifest.xml:4:135-160
14        android:largeScreens="true"
14-->src\main\AndroidManifest.xml:4:78-105
15        android:normalScreens="true"
15-->src\main\AndroidManifest.xml:4:49-77
16        android:smallScreens="true"
16-->src\main\AndroidManifest.xml:4:21-48
17        android:xlargeScreens="true" />
17-->src\main\AndroidManifest.xml:4:106-134
18
19    <uses-permission android:name="android.permission.INTERNET" />
19-->[:unityLibrary] AndroidManifest.xml:8:5-67
19-->[:unityLibrary] AndroidManifest.xml:8:22-64
20
21    <uses-feature android:glEsVersion="0x00030000" />
21-->[:unityLibrary] AndroidManifest.xml:10:5-54
21-->[:unityLibrary] AndroidManifest.xml:10:19-51
22    <uses-feature
22-->[:unityLibrary] AndroidManifest.xml:11:5-13:36
23        android:name="android.hardware.vulkan.version"
23-->[:unityLibrary] AndroidManifest.xml:12:9-55
24        android:required="false" />
24-->[:unityLibrary] AndroidManifest.xml:13:9-33
25    <uses-feature
25-->[:unityLibrary] AndroidManifest.xml:14:5-16:36
26        android:name="android.hardware.touchscreen"
26-->[:unityLibrary] AndroidManifest.xml:15:9-52
27        android:required="false" />
27-->[:unityLibrary] AndroidManifest.xml:16:9-33
28    <uses-feature
28-->[:unityLibrary] AndroidManifest.xml:17:5-19:36
29        android:name="android.hardware.touchscreen.multitouch"
29-->[:unityLibrary] AndroidManifest.xml:18:9-63
30        android:required="false" />
30-->[:unityLibrary] AndroidManifest.xml:19:9-33
31    <uses-feature
31-->[:unityLibrary] AndroidManifest.xml:20:5-22:36
32        android:name="android.hardware.touchscreen.multitouch.distinct"
32-->[:unityLibrary] AndroidManifest.xml:21:9-72
33        android:required="false" />
33-->[:unityLibrary] AndroidManifest.xml:22:9-33
34
35    <uses-permission android:name="android.permission.CAMERA" />
35-->[:unityLibrary] AndroidManifest.xml:24:5-65
35-->[:unityLibrary] AndroidManifest.xml:24:22-62
36
37    <uses-feature
37-->[:unityLibrary] AndroidManifest.xml:26:5-28:35
38        android:name="android.hardware.camera.ar"
38-->[:unityLibrary] AndroidManifest.xml:27:9-50
39        android:required="true" />
39-->[:unityLibrary] AndroidManifest.xml:28:9-32
40
41    <queries>
41-->[:arcore_client:] AndroidManifest.xml:20:5-27:15
42        <package android:name="com.google.ar.core" />
42-->[:arcore_client:] AndroidManifest.xml:21:9-54
42-->[:arcore_client:] AndroidManifest.xml:21:18-51
43        <package android:name="com.android.vending" />
43-->[:arcore_client:] AndroidManifest.xml:22:9-55
43-->[:arcore_client:] AndroidManifest.xml:22:18-52
44
45        <intent>
45-->[:arcore_client:] AndroidManifest.xml:24:9-26:18
46            <action android:name="com.google.android.play.core.install.BIND_INSTALL_SERVICE" />
46-->[:arcore_client:] AndroidManifest.xml:25:13-96
46-->[:arcore_client:] AndroidManifest.xml:25:21-93
47        </intent>
48    </queries>
49
50    <permission
50-->[androidx.core:core:1.9.0] AndroidManifest.xml:22:5-24:47
51        android:name="com.dimitri.ecosdamemoria.DYNAMIC_RECEIVER_NOT_EXPORTED_PERMISSION"
51-->[androidx.core:core:1.9.0] AndroidManifest.xml:23:9-81
52        android:protectionLevel="signature" />
52-->[androidx.core:core:1.9.0] AndroidManifest.xml:24:9-44
53
54    <uses-permission android:name="com.dimitri.ecosdamemoria.DYNAMIC_RECEIVER_NOT_EXPORTED_PERMISSION" />
54-->[androidx.core:core:1.9.0] AndroidManifest.xml:26:5-97
54-->[androidx.core:core:1.9.0] AndroidManifest.xml:26:22-94
55
56    <application
56-->src\main\AndroidManifest.xml:3:3-83
57        android:appCategory="game"
57-->[:unityLibrary] AndroidManifest.xml:31:9-35
58        android:appComponentFactory="androidx.core.app.CoreComponentFactory"
58-->[androidx.core:core:1.9.0] AndroidManifest.xml:28:18-86
59        android:enableOnBackInvokedCallback="true"
59-->[:unityLibrary] AndroidManifest.xml:32:9-51
60        android:extractNativeLibs="true"
61        android:icon="@mipmap/app_icon"
61-->src\main\AndroidManifest.xml:3:16-47
62        android:label="@string/app_name" >
62-->src\main\AndroidManifest.xml:3:48-80
63        <meta-data
63-->[:unityLibrary] AndroidManifest.xml:34:9-36:33
64            android:name="unity.splash-mode"
64-->[:unityLibrary] AndroidManifest.xml:35:13-45
65            android:value="0" />
65-->[:unityLibrary] AndroidManifest.xml:36:13-30
66        <meta-data
66-->[:unityLibrary] AndroidManifest.xml:37:9-39:36
67            android:name="unity.splash-enable"
67-->[:unityLibrary] AndroidManifest.xml:38:13-47
68            android:value="True" />
68-->[:unityLibrary] AndroidManifest.xml:39:13-33
69        <meta-data
69-->[:unityLibrary] AndroidManifest.xml:40:9-42:36
70            android:name="unity.launch-fullscreen"
70-->[:unityLibrary] AndroidManifest.xml:41:13-51
71            android:value="True" />
71-->[:unityLibrary] AndroidManifest.xml:42:13-33
72        <meta-data
72-->[:unityLibrary] AndroidManifest.xml:43:9-45:36
73            android:name="unity.render-outside-safearea"
73-->[:unityLibrary] AndroidManifest.xml:44:13-57
74            android:value="True" />
74-->[:unityLibrary] AndroidManifest.xml:45:13-33
75        <meta-data
75-->[:unityLibrary] AndroidManifest.xml:46:9-48:50
76            android:name="notch.config"
76-->[:unityLibrary] AndroidManifest.xml:47:13-40
77            android:value="portrait|landscape" />
77-->[:unityLibrary] AndroidManifest.xml:48:13-47
78        <meta-data
78-->[:unityLibrary] AndroidManifest.xml:49:9-51:36
79            android:name="unity.auto-report-fully-drawn"
79-->[:unityLibrary] AndroidManifest.xml:50:13-57
80            android:value="true" />
80-->[:unityLibrary] AndroidManifest.xml:51:13-33
81        <meta-data
81-->[:unityLibrary] AndroidManifest.xml:52:9-54:36
82            android:name="unity.strip-engine-code"
82-->[:unityLibrary] AndroidManifest.xml:53:13-51
83            android:value="true" />
83-->[:unityLibrary] AndroidManifest.xml:54:13-33
84        <meta-data
84-->[:unityLibrary] AndroidManifest.xml:55:9-57:36
85            android:name="unity.auto-set-game-state"
85-->[:unityLibrary] AndroidManifest.xml:56:13-53
86            android:value="true" />
86-->[:unityLibrary] AndroidManifest.xml:57:13-33
87
88        <activity
88-->[:unityLibrary] AndroidManifest.xml:59:9-94:20
89            android:name="com.unity3d.player.UnityPlayerGameActivity"
89-->[:unityLibrary] AndroidManifest.xml:60:13-70
90            android:configChanges="mcc|mnc|locale|touchscreen|keyboard|keyboardHidden|navigation|orientation|screenLayout|uiMode|screenSize|smallestScreenSize|fontScale|layoutDirection|density"
90-->[:unityLibrary] AndroidManifest.xml:61:13-194
91            android:enabled="true"
91-->[:unityLibrary] AndroidManifest.xml:62:13-35
92            android:exported="true"
92-->[:unityLibrary] AndroidManifest.xml:63:13-36
93            android:hardwareAccelerated="false"
93-->[:unityLibrary] AndroidManifest.xml:64:13-48
94            android:launchMode="singleTask"
94-->[:unityLibrary] AndroidManifest.xml:65:13-44
95            android:resizeableActivity="true"
95-->[:unityLibrary] AndroidManifest.xml:66:13-46
96            android:screenOrientation="reverseLandscape"
96-->[:unityLibrary] AndroidManifest.xml:67:13-57
97            android:theme="@style/BaseUnityGameActivityTheme" >
97-->[:unityLibrary] AndroidManifest.xml:68:13-62
98            <intent-filter>
98-->[:unityLibrary] AndroidManifest.xml:69:13-73:29
99                <category android:name="android.intent.category.LAUNCHER" />
99-->[:unityLibrary] AndroidManifest.xml:70:17-77
99-->[:unityLibrary] AndroidManifest.xml:70:27-74
100
101                <action android:name="android.intent.action.MAIN" />
101-->[:unityLibrary] AndroidManifest.xml:72:17-69
101-->[:unityLibrary] AndroidManifest.xml:72:25-66
102            </intent-filter>
103
104            <meta-data
104-->[:unityLibrary] AndroidManifest.xml:75:13-77:40
105                android:name="unityplayer.UnityActivity"
105-->[:unityLibrary] AndroidManifest.xml:76:17-57
106                android:value="true" />
106-->[:unityLibrary] AndroidManifest.xml:77:17-37
107            <meta-data
107-->[:unityLibrary] AndroidManifest.xml:78:13-80:40
108                android:name="android.app.lib_name"
108-->[:unityLibrary] AndroidManifest.xml:79:17-52
109                android:value="game" />
109-->[:unityLibrary] AndroidManifest.xml:80:17-37
110            <meta-data
110-->[:unityLibrary] AndroidManifest.xml:81:13-83:71
111                android:name="WindowManagerPreference:FreeformWindowSize"
111-->[:unityLibrary] AndroidManifest.xml:82:17-74
112                android:value="@string/FreeformWindowSize_maximize" />
112-->[:unityLibrary] AndroidManifest.xml:83:17-68
113            <meta-data
113-->[:unityLibrary] AndroidManifest.xml:84:13-86:79
114                android:name="WindowManagerPreference:FreeformWindowOrientation"
114-->[:unityLibrary] AndroidManifest.xml:85:17-81
115                android:value="@string/FreeformWindowOrientation_landscape" />
115-->[:unityLibrary] AndroidManifest.xml:86:17-76
116            <meta-data
116-->[:unityLibrary] AndroidManifest.xml:87:13-89:40
117                android:name="notch_support"
117-->[:unityLibrary] AndroidManifest.xml:88:17-45
118                android:value="true" />
118-->[:unityLibrary] AndroidManifest.xml:89:17-37
119
120            <layout
120-->[:unityLibrary] AndroidManifest.xml:91:13-93:44
121                android:minHeight="300px"
121-->[:unityLibrary] AndroidManifest.xml:92:17-42
122                android:minWidth="400px" />
122-->[:unityLibrary] AndroidManifest.xml:93:17-41
123        </activity>
124
125        <meta-data
125-->[:unityLibrary] AndroidManifest.xml:96:9-98:36
126            android:name="unityplayer.SkipPermissionsDialog"
126-->[:unityLibrary] AndroidManifest.xml:97:13-61
127            android:value="true" />
127-->[:unityLibrary] AndroidManifest.xml:98:13-33
128        <meta-data
128-->[:unityLibrary] AndroidManifest.xml:99:9-101:40
129            android:name="com.google.ar.core"
129-->[:unityLibrary] AndroidManifest.xml:100:13-46
130            android:value="required" /> <!-- The minimal version code of ARCore APK required for an app using this SDK. -->
130-->[:unityLibrary] AndroidManifest.xml:101:13-37
131        <meta-data
131-->[:arcore_client:] AndroidManifest.xml:32:9-34:41
132            android:name="com.google.ar.core.min_apk_version"
132-->[:arcore_client:] AndroidManifest.xml:33:13-62
133            android:value="241930000" /> <!-- This activity is critical for installing ARCore when it is not already present. -->
133-->[:arcore_client:] AndroidManifest.xml:34:13-38
134        <activity
134-->[:arcore_client:] AndroidManifest.xml:36:9-42:80
135            android:name="com.google.ar.core.InstallActivity"
135-->[:arcore_client:] AndroidManifest.xml:37:13-62
136            android:configChanges="keyboardHidden|orientation|screenSize"
136-->[:arcore_client:] AndroidManifest.xml:38:13-74
137            android:excludeFromRecents="true"
137-->[:arcore_client:] AndroidManifest.xml:39:13-46
138            android:exported="false"
138-->[:arcore_client:] AndroidManifest.xml:40:13-37
139            android:launchMode="singleTop"
139-->[:arcore_client:] AndroidManifest.xml:41:13-43
140            android:theme="@android:style/Theme.Material.Light.Dialog.Alert" />
140-->[:arcore_client:] AndroidManifest.xml:42:13-77
141
142        <provider
142-->[androidx.emoji2:emoji2:1.2.0] AndroidManifest.xml:24:9-32:20
143            android:name="androidx.startup.InitializationProvider"
143-->[androidx.emoji2:emoji2:1.2.0] AndroidManifest.xml:25:13-67
144            android:authorities="com.dimitri.ecosdamemoria.androidx-startup"
144-->[androidx.emoji2:emoji2:1.2.0] AndroidManifest.xml:26:13-68
145            android:exported="false" >
145-->[androidx.emoji2:emoji2:1.2.0] AndroidManifest.xml:27:13-37
146            <meta-data
146-->[androidx.emoji2:emoji2:1.2.0] AndroidManifest.xml:29:13-31:52
147                android:name="androidx.emoji2.text.EmojiCompatInitializer"
147-->[androidx.emoji2:emoji2:1.2.0] AndroidManifest.xml:30:17-75
148                android:value="androidx.startup" />
148-->[androidx.emoji2:emoji2:1.2.0] AndroidManifest.xml:31:17-49
149            <meta-data
149-->[androidx.lifecycle:lifecycle-process:2.4.1] AndroidManifest.xml:31:13-33:52
150                android:name="androidx.lifecycle.ProcessLifecycleInitializer"
150-->[androidx.lifecycle:lifecycle-process:2.4.1] AndroidManifest.xml:32:17-78
151                android:value="androidx.startup" />
151-->[androidx.lifecycle:lifecycle-process:2.4.1] AndroidManifest.xml:33:17-49
152        </provider>
153    </application>
154
155</manifest>